<?xml version="1.0" encoding="UTF-8"?>
<testsuite xmlns:xsi="http://www.w3.org/2001/XMLSchema-instance" xsi:noNamespaceSchemaLocation="https://maven.apache.org/surefire/maven-surefire-plugin/xsd/surefire-test-report-3.0.xsd" version="3.0" name="ie.atu.PassengerTest" time="0.155" tests="4" errors="0" skipped="0" failures="0">
  <properties>
[...]
</properties>
  <testcase name="successTitleMr" classname="ie.atu.PassengerTest" time="0.082"/>
  <testcase name="successTitleMs" classname="ie.atu.PassengerTest" time="0.004"/>
  <testcase name="failureTitle" classname="ie.atu.PassengerTest" time="0.007"/>
  <testcase name="successTitleMrs" classname="ie.atu.PassengerTest" time="0.003"/>
</testsuite>